<?xml version="1.0" encoding="UTF-8" ?>
<testsuite tests="12" failures="0" name="search.RecreationTest" time="135.665" errors="0" skipped="0">
  <properties>
[...]
</properties>
  <testcase classname="search.RecreationTest" name="setDistrict" time="14.987"/>
  <testcase classname="search.RecreationTest" name="invalidFilterValue" time="5.663"/>
  <testcase classname="search.RecreationTest" name="changePlace" time="11.327"/>
  <testcase classname="search.RecreationTest" name="placeWithDistance" time="10.217"/>
  <testcase classname="search.RecreationTest" name="noFilters" time="8.673"/>
  <testcase classname="search.RecreationTest" name="savedSearch" time="26.13"/>
  <testcase classname="search.RecreationTest" name="caseInsensitive" time="11.344"/>
  <testcase classname="search.RecreationTest" name="partialCode" time="8.417"/>
  <testcase classname="search.RecreationTest" name="postCode" time="9.664"/>
  <testcase classname="search.RecreationTest" name="resultsCount" time="10.561"/>
  <testcase classname="search.RecreationTest" name="setPlace" time="7.894"/>
  <testcase classname="search.RecreationTest" name="setAddress" time="10.788"/>
</testsuite>